2026-02-19T16:20:54.427037: Logger initialized. Exe: C:\Users\TCB-user016\Documents\sk\frontend\frontend.exe
2026-02-19T16:20:54.428039: App starting...
2026-02-19T16:20:54.437648: HomePage initialized
2026-02-19T16:20:54.642031: Window shown
2026-02-19T16:20:56.150703: Toggle Frame Mode: Current=false
2026-02-19T16:21:03.246431: Capture Frame requested
2026-02-19T16:21:03.277371: Window bounds: Instance of 'Rect'
2026-02-19T16:21:03.578763: Capture Frame response: 200
2026-02-19T16:21:05.397352: Capture Frame requested
2026-02-19T16:21:05.397352: Window bounds: Instance of 'Rect'
2026-02-19T16:21:05.639990: Capture Frame response: 200
2026-02-19T16:21:06.119260: Capture Frame requested
2026-02-19T16:21:06.134122: Window bounds: Instance of 'Rect'
2026-02-19T16:21:06.402668: Capture Frame response: 200
2026-02-19T16:21:09.072196: Capture Frame requested
2026-02-19T16:21:09.077316: Window bounds: Instance of 'Rect'
2026-02-19T16:21:09.340884: Capture Frame response: 200
2026-02-19T16:21:20.422490: Capture Frame requested
2026-02-19T16:21:20.423490: Window bounds: Instance of 'Rect'
2026-02-19T16:21:20.650092: Capture Frame response: 200
2026-02-19T16:21:29.735112: Capture Frame requested
2026-02-19T16:21:29.735112: Window bounds: Instance of 'Rect'
2026-02-19T16:21:29.981335: Capture Frame response: 200
2026-02-19T16:21:36.535945: Capture Frame requested
2026-02-19T16:21:36.536950: Window bounds: Instance of 'Rect'
2026-02-19T16:21:36.763054: Capture Frame response: 200
2026-02-19T16:21:37.167787: Capture Frame requested
2026-02-19T16:21:37.167787: Window bounds: Instance of 'Rect'
2026-02-19T16:21:37.393913: Capture Frame response: 200
2026-02-19T16:21:37.541500: Capture Frame requested
2026-02-19T16:21:37.572325: Window bounds: Instance of 'Rect'
2026-02-19T16:21:37.842782: Capture Frame response: 200
2026-02-26T11:06:30.380054: Logger initialized. Exe: C:\Users\TCB-user016\Documents\sk\frontend\frontend.exe
2026-02-26T11:06:30.382050: App starting...
2026-02-26T11:06:30.392047: HomePage initialized
2026-02-26T11:06:30.701832: Window shown
2026-02-26T11:06:39.453864: Toggle Frame Mode: Current=false
2026-02-26T11:06:52.978871: Capture Frame requested
2026-02-26T11:06:53.010141: Window bounds: Instance of 'Rect'
2026-02-26T11:06:53.296260: Capture Frame response: 200
2026-02-26T11:14:10.375914: Logger initialized. Exe: C:\Users\TCB-user016\Documents\sk\frontend\frontend.exe
2026-02-26T11:14:10.376924: App starting...
2026-02-26T11:14:10.382960: HomePage initialized
2026-02-26T11:14:10.587550: Window shown
2026-02-26T11:15:57.283281: Toggle Frame Mode: Current=false
2026-02-26T11:16:02.349993: Toggle Frame Mode: Current=true
2026-02-26T11:26:12.656302: Logger initialized. Exe: C:\Users\TCB-user016\Documents\sk\frontend\frontend.exe
2026-02-26T11:26:12.657309: App starting...
2026-02-26T11:26:12.667017: HomePage initialized
2026-02-26T11:26:12.812347: Window shown
2026-02-26T11:26:16.340374: Toggle Frame Mode: Current=false
2026-02-26T11:26:49.900990: Toggle Frame Mode: Current=true
2026-02-26T14:12:52.599839: Logger initialized. Exe: C:\Users\TCB-user016\Documents\sk\frontend\frontend.exe
2026-02-26T14:12:52.603018: App starting...
2026-02-26T14:12:52.611534: HomePage initialized
2026-02-26T14:12:52.916934: Window shown
2026-02-26T14:55:44.438887: Logger initialized. Exe: C:\Users\TCB-user016\Documents\sk\frontend\frontend.exe
2026-02-26T14:55:44.440874: App starting...
2026-02-26T14:55:44.448112: HomePage initialized
2026-02-26T14:55:44.619159: Window shown
2026-02-26T14:55:55.300693: Capture Frame requested
2026-02-26T14:56:11.364307: Logger initialized. Exe: C:\Users\TCB-user016\Documents\sk\frontend\frontend.exe
2026-02-26T14:56:11.364307: App starting...
2026-02-26T14:56:11.372823: HomePage initialized
2026-02-26T14:56:11.548013: Window shown
2026-02-26T14:59:49.537297: Logger initialized. Exe: C:\Users\TCB-user016\Documents\sk\frontend\frontend.exe
2026-02-26T14:59:49.538308: App starting...
2026-02-26T14:59:49.554480: HomePage initialized
2026-02-26T14:59:49.809997: Window shown
2026-02-26T15:00:23.400708: Logger initialized. Exe: C:\Users\TCB-user016\Documents\sk\frontend\frontend.exe
2026-02-26T15:00:23.401714: App starting...
2026-02-26T15:00:23.405793: HomePage initialized
2026-02-26T15:00:23.509916: Window shown
2026-02-26T15:17:12.439893: Logger initialized. Exe: C:\Users\TCB-user016\Documents\sk\frontend\frontend.exe
2026-02-26T15:17:12.442069: App starting...
2026-02-26T15:17:12.451312: HomePage initialized
2026-02-26T15:17:12.599993: Window shown
2026-02-26T15:18:56.460030: Logger initialized. Exe: C:\Users\TCB-user016\Documents\sk\frontend\frontend.exe
2026-02-26T15:18:56.461103: App starting...
2026-02-26T15:18:56.672173: HomePage initialized
2026-02-26T15:18:56.854402: Window shown
2026-02-26T16:04:29.400042: Logger initialized. Exe: C:\Users\TCB-user016\Documents\sk\frontend\frontend.exe
2026-02-26T16:04:29.401044: App starting...
2026-02-26T16:04:29.414675: HomePage initialized
2026-02-26T16:04:29.630410: Window shown
2026-03-02T09:11:26.854347: Logger initialized. Exe: C:\Users\TCB-user016\Documents\sk\frontend\frontend.exe
2026-03-02T09:11:26.854347: App starting...
2026-03-02T09:11:26.996626: Window shown
2026-03-02T09:28:31.395519: Logger initialized. Exe: C:\Users\TCB-user016\Documents\sk\frontend\frontend.exe
2026-03-02T09:28:31.395519: App starting...
2026-03-02T09:28:31.570207: Window shown
2026-03-02T09:32:03.341642: Logger initialized. Exe: C:\Users\TCB-user016\Documents\sk\frontend\frontend.exe
2026-03-02T09:32:03.342654: App starting...
2026-03-02T09:32:03.556958: Window shown
2026-03-02T09:56:41.006485: Logger initialized. Exe: C:\Users\TCB-user016\Documents\sk\frontend\frontend.exe
2026-03-02T09:56:41.007989: App starting...
2026-03-02T09:56:41.197395: Window shown
2026-03-02T10:03:01.135459: Logger initialized. Exe: C:\Users\TCB-user016\Documents\sk\frontend\frontend.exe
2026-03-02T10:03:01.136459: App starting...
2026-03-02T10:03:01.327923: Window shown
2026-03-02T16:30:45.481318: Logger initialized. Exe: C:\Users\TCB-user016\Documents\sk\frontend\frontend.exe
2026-03-02T16:30:45.483344: App starting...
2026-03-02T16:30:45.726169: Window shown
2026-03-10T09:13:30.690606: Logger initialized. Exe: C:\Users\TCB-user016\Documents\sk\frontend\frontend.exe
2026-03-10T09:13:30.690606: App starting...
2026-03-10T09:13:30.842296: Window shown
2026-03-10T09:13:32.748385: Config load error: ClientException with SocketException: リモート コンピューターによりネットワーク接続が拒否されました。
 (OS Error: リモート コンピューターによりネットワーク接続が拒否されました。
, errno = 1225), address = 127.0.0.1, port = 57789, uri=http://127.0.0.1:8000/groups
2026-03-10T09:18:31.345475: Logger initialized. Exe: C:\Users\TCB-user016\Documents\sk\frontend\frontend.exe
2026-03-10T09:18:31.345475: App starting...
2026-03-10T09:18:31.590911: Window shown
2026-03-10T09:20:35.372427: Logger initialized. Exe: C:\Users\TCB-user016\Documents\sk\frontend\frontend.exe
2026-03-10T09:20:35.373964: App starting...
2026-03-10T09:20:35.616489: Window shown
2026-03-10T09:21:16.325928: Logger initialized. Exe: C:\Users\TCB-user016\Documents\sk\frontend\frontend.exe
2026-03-10T09:21:16.326933: App starting...
2026-03-10T09:21:16.477583: Window shown
2026-03-10T09:26:10.367004: Logger initialized. Exe: C:\Users\TCB-user016\Documents\sk\frontend\frontend.exe
2026-03-10T09:26:10.368006: App starting...
2026-03-10T09:26:10.619674: Window shown
2026-03-10T09:30:02.525175: Logger initialized. Exe: C:\Users\TCB-user016\Documents\sk\frontend\frontend.exe
2026-03-10T09:30:02.525175: App starting...
2026-03-10T09:30:02.678490: Window shown
2026-03-10T09:43:47.628544: Logger initialized. Exe: C:\Users\TCB-user016\Documents\sk\frontend\frontend.exe
2026-03-10T09:43:47.629552: App starting...
2026-03-10T09:43:47.807224: Window shown
2026-03-10T09:50:29.395997: Logger initialized. Exe: C:\Users\TCB-user016\Documents\sk\frontend\frontend.exe
2026-03-10T09:50:29.397511: App starting...
2026-03-10T09:50:29.564976: Window shown
2026-03-10T09:57:03.424062: Logger initialized. Exe: C:\Users\TCB-user016\Documents\sk\frontend\frontend.exe
2026-03-10T09:57:03.427198: App starting...
2026-03-10T09:57:03.711577: Window shown
2026-03-10T09:57:57.306641: Logger initialized. Exe: C:\Users\TCB-user016\Documents\sk\frontend\frontend.exe
2026-03-10T09:57:57.308366: App starting...
2026-03-10T09:57:57.456839: Window shown
2026-03-10T10:07:35.448950: Logger initialized. Exe: C:\Users\TCB-user016\Documents\sk\frontend\frontend.exe
2026-03-10T10:07:35.450070: App starting...
2026-03-10T10:07:35.661818: Window shown
2026-03-10T10:25:20.338426: Logger initialized. Exe: C:\Users\TCB-user016\Documents\sk\frontend\frontend.exe
2026-03-10T10:25:20.338939: App starting...
2026-03-10T10:25:20.470973: Window shown
2026-03-10T10:25:41.357989: Logger initialized. Exe: C:\Users\TCB-user016\Documents\sk\frontend\frontend.exe
2026-03-10T10:25:41.359686: App starting...
2026-03-10T10:25:41.488980: Window shown
2026-03-10T10:26:13.577013: Logger initialized. Exe: C:\Users\TCB-user016\Documents\sk\frontend\frontend.exe
2026-03-10T10:26:13.577519: App starting...
2026-03-10T10:26:13.841861: Window shown
2026-03-10T10:28:08.299118: Logger initialized. Exe: C:\Users\TCB-user016\Documents\sk\frontend\frontend.exe
2026-03-10T10:28:08.300116: App starting...
2026-03-10T10:28:08.508132: Window shown
2026-03-10T10:35:44.479667: Logger initialized. Exe: C:\Users\TCB-user016\Documents\sk\frontend\frontend.exe
2026-03-10T10:35:44.479667: App starting...
2026-03-10T10:35:44.718012: Window shown
2026-03-10T10:52:14.388557: Logger initialized. Exe: C:\Users\TCB-user016\Documents\sk\frontend\frontend.exe
2026-03-10T10:52:14.397036: App starting...
2026-03-10T10:52:14.570965: Window shown
2026-03-10T10:55:45.330846: Logger initialized. Exe: C:\Users\TCB-user016\Documents\sk\frontend\frontend.exe
2026-03-10T10:55:45.330846: App starting...
2026-03-10T10:55:45.476998: Window shown
2026-03-10T11:38:43.367289: Logger initialized. Exe: C:\Users\TCB-user016\Documents\sk\frontend\frontend.exe
2026-03-10T11:38:43.368794: App starting...
2026-03-10T11:38:43.534067: Window shown
2026-03-10T17:05:27.974207: Logger initialized. Exe: C:\Users\TCB-user016\Documents\sk\frontend\frontend.exe
2026-03-10T17:05:27.982908: App starting...
2026-03-10T17:05:28.435663: Window shown
2026-03-10T17:21:54.369923: Logger initialized. Exe: C:\Users\TCB-user016\Documents\sk\frontend\frontend.exe
2026-03-10T17:21:54.369923: App starting...
2026-03-10T17:21:54.575587: Window shown
2026-03-10T17:28:22.002536: Logger initialized. Exe: C:\Users\TCB-user016\Documents\sk\frontend\frontend.exe
2026-03-10T17:28:22.003546: App starting...
2026-03-10T17:28:22.171225: Window shown
2026-03-10T17:28:24.053883: Config load error: ClientException with SocketException: リモート コンピューターによりネットワーク接続が拒否されました。
 (OS Error: リモート コンピューターによりネットワーク接続が拒否されました。
, errno = 1225), address = 127.0.0.1, port = 58242, uri=http://127.0.0.1:8000/groups
2026-03-10T17:33:20.512693: Logger initialized. Exe: C:\Users\TCB-user016\Documents\sk\frontend\frontend.exe
2026-03-10T17:33:20.513700: App starting...
2026-03-10T17:33:20.705909: Window shown
2026-03-10T17:38:20.471406: Logger initialized. Exe: C:\Users\TCB-user016\Documents\sk\frontend\frontend.exe
2026-03-10T17:38:20.472912: App starting...
2026-03-10T17:38:20.606054: Window shown
2026-03-10T17:44:26.440581: Logger initialized. Exe: C:\Users\TCB-user016\Documents\sk\frontend\frontend.exe
2026-03-10T17:44:26.441134: App starting...
2026-03-10T17:44:26.639561: Window shown
2026-03-10T17:50:10.387922: Logger initialized. Exe: C:\Users\TCB-user016\Documents\sk\frontend\frontend.exe
2026-03-10T17:50:10.389519: App starting...
2026-03-10T17:50:10.501476: Window shown
2026-03-10T17:58:33.443946: Logger initialized. Exe: C:\Users\TCB-user016\Documents\sk\frontend\frontend.exe
2026-03-10T17:58:33.444466: App starting...
2026-03-10T17:58:33.599312: Window shown
2026-03-13T16:51:07.807015: Logger initialized. Exe: C:\Users\TCB-user016\Documents\sk\frontend\frontend.exe
2026-03-13T16:51:07.807520: App starting...
2026-03-13T16:51:08.568578: Window shown
2026-03-13T16:51:10.251617: Config load error: ClientException with SocketException: リモート コンピューターによりネットワーク接続が拒否されました。
 (OS Error: リモート コンピューターによりネットワーク接続が拒否されました。
, errno = 1225), address = 127.0.0.1, port = 57027, uri=http://127.0.0.1:8000/groups
2026-03-13T16:51:10.455418: Logger initialized. Exe: C:\Users\TCB-user016\Documents\sk\frontend\frontend.exe
2026-03-13T16:51:10.806735: App starting...
2026-03-13T16:51:11.293538: Window shown
2026-03-13T16:51:13.175579: Config load error: ClientException with SocketException: リモート コンピューターによりネットワーク接続が拒否されました。
 (OS Error: リモート コンピューターによりネットワーク接続が拒否されました。
, errno = 1225), address = 127.0.0.1, port = 57028, uri=http://127.0.0.1:8000/groups
2026-03-13T17:01:17.366344: Logger initialized. Exe: C:\Users\TCB-user016\Documents\sk\frontend\frontend.exe
2026-03-13T17:01:17.367350: App starting...
2026-03-13T17:01:17.692845: Window shown
2026-03-13T17:04:08.412973: Logger initialized. Exe: C:\Users\TCB-user016\Documents\sk\frontend\frontend.exe
2026-03-13T17:04:08.413974: App starting...
2026-03-13T17:04:08.769349: Window shown
2026-03-13T17:07:35.401456: Logger initialized. Exe: C:\Users\TCB-user016\Documents\sk\frontend\frontend.exe
2026-03-13T17:07:35.401456: App starting...
2026-03-13T17:07:35.579603: Window shown
2026-03-13T17:08:04.403059: Logger initialized. Exe: C:\Users\TCB-user016\Documents\sk\frontend\frontend.exe
2026-03-13T17:08:04.404833: App starting...
2026-03-13T17:08:04.562449: Window shown
2026-03-15T13:49:10.582989: Logger initialized. Exe: C:\Users\user\Downloads\sk-20260314T140129Z-1-001\sk\frontend\frontend.exe
2026-03-15T13:49:10.582989: App starting...
2026-03-15T13:49:10.744705: Window shown
